
              Logfile of Field Evaluation
              ===========================

Calculation window:
===================

 Coordinate System       : global (xyz)   cartesian
 Dimension               : 1D
 Direction (tangential)  : X
 Stepsize                : 9.18123966942149E-02

                 low        high    stepsize
         ----------- ----------- -----------
       X          -5           5  9.1743E-02
       Y           0           0           1
       Z           0           0           1

Evaluated field, component and result value:
============================================

 Evaluated field         : H-Field [Ms]
 Field component         : Abs
 Complex                 : Real Part
 Result Value            : 1D Plot of Field Values


Result Data:
============

 NData Points = 110

 Max. value   =   3.0532E+02 at (  5.0459E-01/           0/           0)
 Min. value   =   1.8090E-04 at ( -4.6330E+00/           0/           0)
 Mean value   =   4.4929E+01
 Deviation    =   2.0000E+00

 Integral     =   4.5341E-01
 Volume (Unit)=   1.0092E+01 mm^1
 Volume (SI)  =   1.0092E-02 m^1

