
              Logfile of Field Evaluation
              ===========================

Calculation window:
===================

 Coordinate System       : global (xyz)   cartesian
 Dimension               : 1D
 Direction (tangential)  : X
 Stepsize                : 0.106309090909091

                 low        high    stepsize
         ----------- ----------- -----------
       X          -5           5  1.0638E-01
       Y           0           0           1
       Z           0           0           1

Evaluated field, component and result value:
============================================

 Evaluated field         : H-Field [Ms]
 Field component         : Abs
 Complex                 : Real Part
 Result Value            : 1D Plot of Field Values


Result Data:
============

