10/Jun/2024 23:26:56  Magnetostatic Solver
                      
                      ------------------------------------------------------------------------------
10/Jun/2024 23:26:56  Units settings: 
                      
                        Dimensions: mm
                        Frequency:  Hz
                      
                      ------------------------------------------------------------------------------
10/Jun/2024 23:26:56  Boundary conditions: 
                      
                        YZsymmetry: none
                        XZsymmetry: none
                        XYsymmetry: none
                      
                        Xmin: electric
                        Xmax: electric
                      
                        Ymin: electric
                        Ymax: electric
                      
                        Zmin: electric
                        Zmax: electric
                      
                      ------------------------------------------------------------------------------
10/Jun/2024 23:26:57  Solver started at: 11:26 PM Monday, 10. June 2024 (中国标准时间)
                      
                        Module:  Magnetostatic Solver (Win 64)
                        Version: 2021.1 Release from 2020-11-10 (change 826605)
                      
                        Hardware:
                           Computer name: ADMIN
                      
                      ------------------------------------------------------------------------------
10/Jun/2024 23:26:57  Solver order = 2
                      
                      
                      ------------------------------------------------------------------------------
10/Jun/2024 23:26:57  Using mesh with curved elements order: 2
                      
                      
                      ------------------------------------------------------------------------------
10/Jun/2024 23:26:58  Adaptive Computation
                      
                      ------------------------------------------------------------------------------
10/Jun/2024 23:26:58  Pass 1: 
                      
                      ------------------------------------------------------------------------------
10/Jun/2024 23:26:58  Linear solver is running
                      Desired linear accuracy = 1.0e-06, max Iter = 1200
                      
                      
                      ------------------------------------------------------------------------------
10/Jun/2024 23:26:58  Pass 2: 
                      
                      ------------------------------------------------------------------------------
10/Jun/2024 23:26:58  Marked 319 of 3221 for refinement.10/Jun/2024 23:26:59  Refinement successful
10/Jun/2024 23:26:59  Linear solver is running
                      Desired linear accuracy = 1.0e-06, max Iter = 1200
                      
                      
                      ------------------------------------------------------------------------------
10/Jun/2024 23:27:00  Pass 3: 
                      
                      ------------------------------------------------------------------------------
10/Jun/2024 23:27:00  Marked 989 of 10007 for refinement.10/Jun/2024 23:27:01  Refinement successful
10/Jun/2024 23:27:01  Linear solver is running
                      Desired linear accuracy = 1.0e-06, max Iter = 1200
                      
                      
                      ------------------------------------------------------------------------------
10/Jun/2024 23:27:03  Pass 4: 
                      
                      ------------------------------------------------------------------------------
10/Jun/2024 23:27:03  Marked 1354 of 13987 for refinement.10/Jun/2024 23:27:04  Refinement successful
10/Jun/2024 23:27:04  Linear solver is running
                      Desired linear accuracy = 1.0e-06, max Iter = 1200
                      
                      
                      ------------------------------------------------------------------------------
10/Jun/2024 23:27:07  Pass 5: 
                      
                      ------------------------------------------------------------------------------
10/Jun/2024 23:27:07  Marked 1810 of 18769 for refinement.10/Jun/2024 23:27:08  Refinement successful
10/Jun/2024 23:27:09  Linear solver is running
                      Desired linear accuracy = 1.0e-06, max Iter = 1200
                      
                      
                      ------------------------------------------------------------------------------
10/Jun/2024 23:27:14  Pass 6: 
                      
                      ------------------------------------------------------------------------------
10/Jun/2024 23:27:14  Marked 2698 of 28212 for refinement.10/Jun/2024 23:27:14  Refinement successful
10/Jun/2024 23:27:16  Linear solver is running
                      Desired linear accuracy = 1.0e-06, max Iter = 1200
                      
                      
                      ------------------------------------------------------------------------------
10/Jun/2024 23:27:23  Solver Size Statistics:
                      
                        Number of mesh cells:         40043 
                        Number of unknowns:           206703
                      
                      ------------------------------------------------------------------------------
10/Jun/2024 23:27:24  Solver Timing Statistics: (last run)
                      
                        Mesh generation:                  0d :  0h :  0m :  1s
                        Initialization and data import:   0d :  0h :  0m :  0s
                        Assembling process:               0d :  0h :  0m :  2s
                        Linear solver:                    0d :  0h :  0m :  5s
                                                       --------------------------
                        Total time:                       0d :  0h :  0m :  9s
                      
                        Number of threads used:           4 
                      
                      
                      
                      ------------------------------------------------------------------------------
10/Jun/2024 23:27:24  Total simulation time (all mesh adaptation runs) 0d :  0h :  0m : 24s
                      
                      
                      ------------------------------------------------------------------------------
10/Jun/2024 23:27:24  Linear Solver Selection: Iterative
                      
                      
                      ------------------------------------------------------------------------------
10/Jun/2024 23:27:24  Memory statistics:
                      
                        ----------------------------------------------------------------------------
                                            Peak memory used (kB)         Free physical memory (kB) 
                                                                          At begin     Minimum      
                        ----------------------------------------------------------------------------
                        Solver start        13048                         2615452      2615404      
                        Solver run total    287940                        2616160      2406460      
                        ----------------------------------------------------------------------------
                      
                      
                      ------------------------------------------------------------------------------
10/Jun/2024 23:27:26  Creating parametric 1D results for Run ID 1
                      
                      ------------------------------------------------------------------------------
