
              Logfile of Field Evaluation
              ===========================

Calculation window:
===================

 Coordinate System       : global (xyz)   cartesian
 Dimension               : 1D
 Direction (tangential)  : X
 Stepsize                : 7.49171966942149E-03

                 low        high    stepsize
         ----------- ----------- -----------
       X        -0.4         0.4  7.4766E-03
       Y           0           0           1
       Z           0           0           1

Evaluated field, component and result value:
============================================

 Evaluated field         : B-Field [Ms]
 Field component         : Abs
 Complex                 : Real Part
 Result Value            : 1D Plot of Field Values


Result Data:
============

 NData Points = 108

 Max. value   =   3.2654E-04 at (         0.4/           0/           0)
 Min. value   =   3.2567E-04 at ( -1.6075E-01/           0/           0)
 Mean value   =   3.2589E-04
 Deviation    =   2.6585E-03

 Integral     =   2.6315E-07
 Volume (Unit)=   8.0748E-01 mm^1
 Volume (SI)  =   8.0748E-04 m^1

