10/Jun/2024 19:16:54  Magnetostatic Solver
                      
                      ------------------------------------------------------------------------------
10/Jun/2024 19:16:54  Units settings: 
                      
                        Dimensions: mm
                        Frequency:  Hz
                      
                      ------------------------------------------------------------------------------
10/Jun/2024 19:16:54  Boundary conditions: 
                      
                        YZsymmetry: none
                        XZsymmetry: none
                        XYsymmetry: none
                      
                        Xmin: electric
                        Xmax: electric
                      
                        Ymin: electric
                        Ymax: electric
                      
                        Zmin: electric
                        Zmax: electric
                      
                      ------------------------------------------------------------------------------
10/Jun/2024 19:16:56  Solver started at: 07:16 PM Monday, 10. June 2024 (中国标准时间)
                      
                        Module:  Magnetostatic Solver (Win 64)
                        Version: 2022.4 Release from 2022-04-26 (change 967892)
                      
                        Hardware:
                           Computer name: DESKTOP-QFAT908
                      
                      ------------------------------------------------------------------------------
10/Jun/2024 19:16:56  Solver order = 2
                      
                      
                      ------------------------------------------------------------------------------
10/Jun/2024 19:16:56  Using mesh with curved elements order: 2
                      
                      
                      ------------------------------------------------------------------------------
10/Jun/2024 19:16:56  Adaptive Computation
                      
                      ------------------------------------------------------------------------------
10/Jun/2024 19:16:56  Pass 1: 
                      
                      ------------------------------------------------------------------------------
10/Jun/2024 19:16:56  Linear solver is running
                      Desired linear accuracy = 1.0e-06, max Iter = 1200
                      
                      
                      ------------------------------------------------------------------------------
10/Jun/2024 19:16:57  Pass 2: 
                      
                      ------------------------------------------------------------------------------
10/Jun/2024 19:16:57  Marked 316 of 3219 for refinement.10/Jun/2024 19:16:57  Refinement successful
10/Jun/2024 19:16:58  Linear solver is running
                      Desired linear accuracy = 1.0e-06, max Iter = 1200
                      
                      
                      ------------------------------------------------------------------------------
10/Jun/2024 19:16:59  Pass 3: 
                      
                      ------------------------------------------------------------------------------
10/Jun/2024 19:16:59  Marked 1071 of 10927 for refinement.10/Jun/2024 19:17:00  Refinement successful
10/Jun/2024 19:17:01  Linear solver is running
                      Desired linear accuracy = 1.0e-06, max Iter = 1200
                      
                      
                      ------------------------------------------------------------------------------
10/Jun/2024 19:17:03  Pass 4: 
                      
                      ------------------------------------------------------------------------------
10/Jun/2024 19:17:03  Marked 1511 of 15399 for refinement.10/Jun/2024 19:17:04  Refinement successful
10/Jun/2024 19:17:04  Linear solver is running
                      Desired linear accuracy = 1.0e-06, max Iter = 1200
                      
                      
                      ------------------------------------------------------------------------------
10/Jun/2024 19:17:08  Pass 5: 
                      
                      ------------------------------------------------------------------------------
10/Jun/2024 19:17:08  Marked 2124 of 21827 for refinement.10/Jun/2024 19:17:10  Refinement successful
10/Jun/2024 19:17:11  Linear solver is running
                      Desired linear accuracy = 1.0e-06, max Iter = 1200
                      
                      
                      ------------------------------------------------------------------------------
10/Jun/2024 19:17:18  Pass 6: 
                      
                      ------------------------------------------------------------------------------
10/Jun/2024 19:17:18  Marked 3048 of 31964 for refinement.10/Jun/2024 19:17:20  Refinement successful
10/Jun/2024 19:17:21  Linear solver is running
                      Desired linear accuracy = 1.0e-06, max Iter = 1200
                      
                      
                      ------------------------------------------------------------------------------
10/Jun/2024 19:17:32  Solver Size Statistics:
                      
                        Number of mesh cells:         44013 
                        Number of unknowns:           227188
                      
                      ------------------------------------------------------------------------------
10/Jun/2024 19:17:34  Solver Timing Statistics: (last run)
                      
                        Mesh generation:                  0d :  0h :  0m :  2s
                        Initialization and data import:   0d :  0h :  0m :  0s
                        Assembling process:               0d :  0h :  0m :  3s
                        Linear solver:                    0d :  0h :  0m :  8s
                                                       --------------------------
                        Total time:                       0d :  0h :  0m : 14s
                      
                        Number of threads used:           4 
                      
                      
                      
                      ------------------------------------------------------------------------------
10/Jun/2024 19:17:34  Total simulation time (all mesh adaptation runs) 0d :  0h :  0m : 34s
                      
                      
                      ------------------------------------------------------------------------------
10/Jun/2024 19:17:34  Linear Solver Selection: Iterative
                      
                      
                      ------------------------------------------------------------------------------
10/Jun/2024 19:17:34  Memory statistics:
                      
                        ----------------------------------------------------------------------------
                                            Peak memory used (kB)         Free physical memory (kB) 
                                                                          At begin     Minimum      
                        ----------------------------------------------------------------------------
                        Solver start        12880                         4429272      4428640      
                        Solver run total    287980                        4427844      4114296      
                        ----------------------------------------------------------------------------
                      
                      
                      ------------------------------------------------------------------------------
10/Jun/2024 19:17:34  Creating parametric 1D results for Run ID 1
                      
                      ------------------------------------------------------------------------------
