
              Logfile of Field Evaluation
              ===========================

Calculation window:
===================

 Coordinate System       : global (xyz)   cartesian
 Dimension               : 1D
 Direction (tangential)  : X
 Stepsize                : 0.125

                 low        high    stepsize
         ----------- ----------- -----------
       X         -10          10       0.125
       Y           0           0           1
       Z           0           0           1

Evaluated field, component and result value:
============================================

 Evaluated field         : B-Field [Ms]
 Field component         : Abs
 Complex                 : Real Part
 Result Value            : 1D Plot of Field Values


Result Data:
============

 NData Points = 161

 Max. value   =   4.1459E-04 at (         1.5/           0/           0)
 Min. value   =   1.2543E-07 at (        0.25/           0/           0)
 Mean value   =   1.3496E-04
 Deviation    =   1.9988E+00

 Integral     =   2.7160E-06
 Volume (Unit)=       20.125 mm^1
 Volume (SI)  =     0.020125 m^1

