29/May/2024 20:38:51  Magnetostatic Solver
                      
                      ------------------------------------------------------------------------------
29/May/2024 20:38:51  Units settings: 
                      
                        Dimensions: mm
                        Frequency:  Hz
                      
                      ------------------------------------------------------------------------------
29/May/2024 20:38:51  Boundary conditions: 
                      
                        YZsymmetry: none
                        XZsymmetry: none
                        XYsymmetry: none
                      
                        Xmin: electric
                        Xmax: electric
                      
                        Ymin: electric
                        Ymax: electric
                      
                        Zmin: electric
                        Zmax: electric
                      
                      ------------------------------------------------------------------------------
29/May/2024 20:38:53  Solver started at: 08:38 PM Wednesday, 29. May 2024 (中国标准时间)
                      
                        Module:  Magnetostatic Solver (Win 64)
                        Version: 2022.4 Release from 2022-04-26 (change 967892)
                      
                        Hardware:
                           Computer name: DESKTOP-QFAT908
                      
                      ------------------------------------------------------------------------------
29/May/2024 20:38:53  Solver order = 2
                      
                      
                      ------------------------------------------------------------------------------
29/May/2024 20:38:54  Using mesh with curved elements order: 2
                      
                      
                      ------------------------------------------------------------------------------
29/May/2024 20:38:54  Adaptive Computation
                      
                      ------------------------------------------------------------------------------
29/May/2024 20:38:54  Pass 1: 
                      
                      ------------------------------------------------------------------------------
29/May/2024 20:38:54  Calculating current distribution function.
                      
                      ------------------------------------------------------------------------------
29/May/2024 20:38:56  Linear solver is running
                      Desired linear accuracy = 1.0e-06, max Iter = 1200
                      
                      
                      ------------------------------------------------------------------------------
29/May/2024 20:38:57  Pass 2: 
                      
                      ------------------------------------------------------------------------------
29/May/2024 20:38:57  Marked 397 of 4144 for refinement.29/May/2024 20:38:58  Refinement successful
29/May/2024 20:38:58  Calculating current distribution function.
                      
                      ------------------------------------------------------------------------------
29/May/2024 20:38:59  Linear solver is running
                      Desired linear accuracy = 1.0e-06, max Iter = 1200
                      
                      
                      ------------------------------------------------------------------------------
29/May/2024 20:39:00  Solver Size Statistics:
                      
                        Number of mesh cells:         6391 
                        Number of unknowns:           32079
                      
                      ------------------------------------------------------------------------------
29/May/2024 20:39:01  Solver Timing Statistics: (last run)
                      
                        Mesh generation:                  0d :  0h :  0m :  2s
                        Initialization and data import:   0d :  0h :  0m :  0s
                        Assembling process:               0d :  0h :  0m :  1s
                        Linear solver:                    0d :  0h :  0m :  0s
                                                       --------------------------
                        Total time:                       0d :  0h :  0m :  3s
                      
                        Number of threads used:           4 
                      
                      
                      
                      ------------------------------------------------------------------------------
29/May/2024 20:39:01  Total simulation time (all mesh adaptation runs) 0d :  0h :  0m :  5s
                      
                      
                      ------------------------------------------------------------------------------
29/May/2024 20:39:01  Linear Solver Results: (last run)
                      
                        Accuracy:                     6.432981e-07
                        Desired accuracy:             1.000000e-06
                        Number of iterations:         27
                        Maximum number of iterations: 1200
                      
                      
                      ------------------------------------------------------------------------------
29/May/2024 20:39:01  Memory statistics:
                      
                        ----------------------------------------------------------------------------
                                            Peak memory used (kB)         Free physical memory (kB) 
                                                                          At begin     Minimum      
                        ----------------------------------------------------------------------------
                        Solver start        13132                         7501012      7500908      
                        Solver run total    71208                         7500264      7500264      
                        ----------------------------------------------------------------------------
                      
                      
                      ------------------------------------------------------------------------------
29/May/2024 20:39:01  Creating parametric 1D results for Run ID 1
                      
                      ------------------------------------------------------------------------------
